<?xml version="1.0" encoding="UTF-8"?>
<testsuite xmlns:xsi="http://www.w3.org/2001/XMLSchema-instance" xsi:noNamespaceSchemaLocation="https://maven.apache.org/surefire/maven-surefire-plugin/xsd/surefire-test-report-3.0.xsd" version="3.0" name="runners.TestRunner" time="5.686" tests="1" errors="0" skipped="0" failures="0">
  <properties>
[...]
</properties>
  <testcase name="runScenario[&quot;Successful login and screenshot&quot;, &quot;Practice Test Login&quot;](1)" classname="runners.TestRunner" time="5.396">
    <system-out><![CDATA[
Scenario: Successful login and screenshot         &amp#27;[90m# src/test/resources/features/login.feature:3&amp#27;[0m
  &amp#27;[32mGiven &amp#27;[0m&amp#27;[32muser opens browser&amp#27;[0m                        &amp#27;[90m# stepdefinitions.LoginSteps.user_opens_browser()&amp#27;[0m
Login page loaded successfully
  &amp#27;[32mWhen &amp#27;[0m&amp#27;[32muser navigates to the login page&amp#27;[0m           &amp#27;[90m# stepdefinitions.LoginSteps.user_navigates_to_the_login_page()&amp#27;[0m
Username entered: student
  &amp#27;[32mAnd &amp#27;[0m&amp#27;[32muser enters username &amp#27;[0m&amp#27;[32m&amp#27;[1m"student"&amp#27;[0m              &amp#27;[90m# stepdefinitions.LoginSteps.user_enters_username(java.lang.String)&amp#27;[0m
Password entered
  &amp#27;[32mAnd &amp#27;[0m&amp#27;[32muser enters password &amp#27;[0m&amp#27;[32m&amp#27;[1m"Password123"&amp#27;[0m          &amp#27;[90m# stepdefinitions.LoginSteps.user_enters_password(java.lang.String)&amp#27;[0m
Login button clicked
Page navigation completed
  &amp#27;[32mAnd &amp#27;[0m&amp#27;[32muser clicks login button&amp#27;[0m                    &amp#27;[90m# stepdefinitions.LoginSteps.user_clicks_login_button()&amp#27;[0m
Success message: Logged In Successfully
Current page title: Logged In Successfully | Practice Test Automation
  &amp#27;[32mThen &amp#27;[0m&amp#27;[32muser should be logged in successfully&amp#27;[0m      &amp#27;[90m# stepdefinitions.LoginSteps.user_should_be_logged_in_successfully()&amp#27;[0m
Screenshot saved: target/screenshots/successful_login_20251114_182900.png
  &amp#27;[32mAnd &amp#27;[0m&amp#27;[32muser takes a screenshot of successful login&amp#27;[0m &amp#27;[90m# stepdefinitions.LoginSteps.user_takes_a_screenshot_of_successful_login()&amp#27;[0m
]]></system-out>
    <system-err><![CDATA[SLF4J: Failed to load class "org.slf4j.impl.StaticLoggerBinder".
SLF4J: Defaulting to no-operation (NOP) logger implementation
SLF4J: See http://www.slf4j.org/codes.html#StaticLoggerBinder for further details.
Nov 14, 2025 6:28:56 PM org.openqa.selenium.devtools.CdpVersionFinder findNearestMatch
WARNING: Unable to find CDP implementation matching 142
Nov 14, 2025 6:28:56 PM org.openqa.selenium.chromium.ChromiumDriver lambda$new$5
WARNING: Unable to find version of CDP to use for 142.0.7444.135. You may need to include a dependency on a specific version of the CDP using something similar to `org.seleniumhq.selenium:selenium-devtools-v86:4.20.0` where the version ("v86") matches the version of the chromium-based browser you're using and the version number of the artifact is the same as Selenium's.
]]></system-err>
  </testcase>
</testsuite>